2023-09-10 16:22:32,738:WARNING:
'cuml' is a soft dependency and not included in the pycaret installation. Please run: `pip install cuml` to install.
2023-09-10 16:22:32,738:WARNING:
'cuml' is a soft dependency and not included in the pycaret installation. Please run: `pip install cuml` to install.
2023-09-10 16:22:32,738:WARNING:
'cuml' is a soft dependency and not included in the pycaret installation. Please run: `pip install cuml` to install.
2023-09-10 16:22:32,738:WARNING:
'cuml' is a soft dependency and not included in the pycaret installation. Please run: `pip install cuml` to install.
2023-09-10 16:23:33,204:INFO:Initializing load_model()
2023-09-10 16:23:33,204:INFO:load_model(model_name=Modelo, platform=None, authentication=None, verbose=True)
2023-09-10 16:23:33,243:WARNING:/home/manu/.local/lib/python3.10/site-packages/pycaret/internal/pipeline.py:135: UserWarning: Version mismatch:
current: {'deps_info': {'pip': '22.0.2', 'setuptools': '59.6.0', 'pycaret': '3.0.4', 'IPython': '8.15.0', 'ipywidgets': '8.1.0', 'tqdm': '4.65.0', 'numpy': '1.21.5', 'pandas': '1.5.3', 'jinja2': '3.0.3', 'scipy': '1.8.0', 'joblib': '1.3.2', 'sklearn': '1.2.2', 'pyod': '1.1.0', 'imblearn': '0.11.0', 'category_encoders': '2.6.2', 'lightgbm': '4.0.0', 'numba': '0.57.1', 'requests': '2.25.1', 'matplotlib': '3.5.1', 'scikitplot': '0.3.7', 'yellowbrick': '1.5', 'plotly': '5.16.1', 'plotly-resampler': 'Not installed', 'kaleido': '0.2.1', 'schemdraw': '0.15', 'statsmodels': '0.14.0', 'sktime': '0.22.0', 'tbats': '1.1.3', 'pmdarima': '2.0.3', 'psutil': '5.9.0', 'markupsafe': '2.0.1', 'pickle5': 'Not installed', 'cloudpickle': '2.2.1', 'deprecation': '2.1.0', 'xxhash': '3.3.0', 'wurlitzer': '3.0.3'}, 'python': {'version': '3.10.12', 'machine': 'x86_64'}}
pickle: {'deps_info': {'pip': '23.1.2', 'setuptools': '67.7.2', 'pycaret': '3.0.4', 'IPython': '7.34.0', 'ipywidgets': '7.7.1', 'tqdm': '4.66.1', 'numpy': '1.23.5', 'pandas': '1.5.3', 'jinja2': '3.1.2', 'scipy': '1.10.1', 'joblib': '1.3.2', 'sklearn': '1.2.2', 'pyod': '1.1.0', 'imblearn': '0.10.1', 'category_encoders': '2.6.2', 'lightgbm': '4.0.0', 'numba': '0.56.4', 'requests': '2.31.0', 'matplotlib': '3.7.1', 'scikitplot': '0.3.7', 'yellowbrick': '1.5', 'plotly': '5.15.0', 'plotly-resampler': 'Not installed', 'kaleido': '0.2.1', 'schemdraw': '0.15', 'statsmodels': '0.14.0', 'sktime': '0.22.0', 'tbats': '1.1.3', 'pmdarima': '2.0.3', 'psutil': '5.9.5', 'markupsafe': '2.1.3', 'pickle5': 'Not installed', 'cloudpickle': '2.2.1', 'deprecation': '2.1.0', 'xxhash': '3.3.0', 'wurlitzer': '3.0.3'}, 'python': {'version': '3.10.12', 'machine': 'x86_64'}}
  warnings.warn(

2023-09-10 16:24:52,705:WARNING:
'cuml' is a soft dependency and not included in the pycaret installation. Please run: `pip install cuml` to install.
2023-09-10 16:24:52,705:WARNING:
'cuml' is a soft dependency and not included in the pycaret installation. Please run: `pip install cuml` to install.
2023-09-10 16:24:52,705:WARNING:
'cuml' is a soft dependency and not included in the pycaret installation. Please run: `pip install cuml` to install.
2023-09-10 16:24:52,705:WARNING:
'cuml' is a soft dependency and not included in the pycaret installation. Please run: `pip install cuml` to install.
2023-09-10 16:25:28,807:INFO:Initializing load_model()
2023-09-10 16:25:28,808:INFO:load_model(model_name=Modelo, platform=None, authentication=None, verbose=True)
2023-09-10 16:25:28,819:WARNING:/home/manu/.local/lib/python3.10/site-packages/pycaret/internal/pipeline.py:135: UserWarning: Version mismatch:
current: {'deps_info': {'pip': '22.0.2', 'setuptools': '59.6.0', 'pycaret': '3.0.4', 'IPython': '8.15.0', 'ipywidgets': '8.1.0', 'tqdm': '4.65.0', 'numpy': '1.21.5', 'pandas': '1.5.3', 'jinja2': '3.0.3', 'scipy': '1.8.0', 'joblib': '1.3.2', 'sklearn': '1.2.2', 'pyod': '1.1.0', 'imblearn': '0.11.0', 'category_encoders': '2.6.2', 'lightgbm': '4.0.0', 'numba': '0.57.1', 'requests': '2.25.1', 'matplotlib': '3.5.1', 'scikitplot': '0.3.7', 'yellowbrick': '1.5', 'plotly': '5.16.1', 'plotly-resampler': 'Not installed', 'kaleido': '0.2.1', 'schemdraw': '0.15', 'statsmodels': '0.14.0', 'sktime': '0.22.0', 'tbats': '1.1.3', 'pmdarima': '2.0.3', 'psutil': '5.9.0', 'markupsafe': '2.0.1', 'pickle5': 'Not installed', 'cloudpickle': '2.2.1', 'deprecation': '2.1.0', 'xxhash': '3.3.0', 'wurlitzer': '3.0.3'}, 'python': {'version': '3.10.12', 'machine': 'x86_64'}}
pickle: {'deps_info': {'pip': '23.1.2', 'setuptools': '67.7.2', 'pycaret': '3.0.4', 'IPython': '7.34.0', 'ipywidgets': '7.7.1', 'tqdm': '4.66.1', 'numpy': '1.23.5', 'pandas': '1.5.3', 'jinja2': '3.1.2', 'scipy': '1.10.1', 'joblib': '1.3.2', 'sklearn': '1.2.2', 'pyod': '1.1.0', 'imblearn': '0.10.1', 'category_encoders': '2.6.2', 'lightgbm': '4.0.0', 'numba': '0.56.4', 'requests': '2.31.0', 'matplotlib': '3.7.1', 'scikitplot': '0.3.7', 'yellowbrick': '1.5', 'plotly': '5.15.0', 'plotly-resampler': 'Not installed', 'kaleido': '0.2.1', 'schemdraw': '0.15', 'statsmodels': '0.14.0', 'sktime': '0.22.0', 'tbats': '1.1.3', 'pmdarima': '2.0.3', 'psutil': '5.9.5', 'markupsafe': '2.1.3', 'pickle5': 'Not installed', 'cloudpickle': '2.2.1', 'deprecation': '2.1.0', 'xxhash': '3.3.0', 'wurlitzer': '3.0.3'}, 'python': {'version': '3.10.12', 'machine': 'x86_64'}}
  warnings.warn(

2023-09-10 16:25:50,883:WARNING:
'cuml' is a soft dependency and not included in the pycaret installation. Please run: `pip install cuml` to install.
2023-09-10 16:25:50,883:WARNING:
'cuml' is a soft dependency and not included in the pycaret installation. Please run: `pip install cuml` to install.
2023-09-10 16:25:50,883:WARNING:
'cuml' is a soft dependency and not included in the pycaret installation. Please run: `pip install cuml` to install.
2023-09-10 16:25:50,883:WARNING:
'cuml' is a soft dependency and not included in the pycaret installation. Please run: `pip install cuml` to install.
2023-09-10 16:26:03,267:INFO:Initializing load_model()
2023-09-10 16:26:03,267:INFO:load_model(model_name=Modelo, platform=None, authentication=None, verbose=True)
2023-09-10 16:26:03,282:WARNING:/home/manu/.local/lib/python3.10/site-packages/pycaret/internal/pipeline.py:135: UserWarning: Version mismatch:
current: {'deps_info': {'pip': '22.0.2', 'setuptools': '59.6.0', 'pycaret': '3.0.4', 'IPython': '8.15.0', 'ipywidgets': '8.1.0', 'tqdm': '4.65.0', 'numpy': '1.21.5', 'pandas': '1.5.3', 'jinja2': '3.0.3', 'scipy': '1.8.0', 'joblib': '1.3.2', 'sklearn': '1.2.2', 'pyod': '1.1.0', 'imblearn': '0.11.0', 'category_encoders': '2.6.2', 'lightgbm': '4.0.0', 'numba': '0.57.1', 'requests': '2.25.1', 'matplotlib': '3.5.1', 'scikitplot': '0.3.7', 'yellowbrick': '1.5', 'plotly': '5.16.1', 'plotly-resampler': 'Not installed', 'kaleido': '0.2.1', 'schemdraw': '0.15', 'statsmodels': '0.14.0', 'sktime': '0.22.0', 'tbats': '1.1.3', 'pmdarima': '2.0.3', 'psutil': '5.9.0', 'markupsafe': '2.0.1', 'pickle5': 'Not installed', 'cloudpickle': '2.2.1', 'deprecation': '2.1.0', 'xxhash': '3.3.0', 'wurlitzer': '3.0.3'}, 'python': {'version': '3.10.12', 'machine': 'x86_64'}}
pickle: {'deps_info': {'pip': '23.1.2', 'setuptools': '67.7.2', 'pycaret': '3.0.4', 'IPython': '7.34.0', 'ipywidgets': '7.7.1', 'tqdm': '4.66.1', 'numpy': '1.23.5', 'pandas': '1.5.3', 'jinja2': '3.1.2', 'scipy': '1.10.1', 'joblib': '1.3.2', 'sklearn': '1.2.2', 'pyod': '1.1.0', 'imblearn': '0.10.1', 'category_encoders': '2.6.2', 'lightgbm': '4.0.0', 'numba': '0.56.4', 'requests': '2.31.0', 'matplotlib': '3.7.1', 'scikitplot': '0.3.7', 'yellowbrick': '1.5', 'plotly': '5.15.0', 'plotly-resampler': 'Not installed', 'kaleido': '0.2.1', 'schemdraw': '0.15', 'statsmodels': '0.14.0', 'sktime': '0.22.0', 'tbats': '1.1.3', 'pmdarima': '2.0.3', 'psutil': '5.9.5', 'markupsafe': '2.1.3', 'pickle5': 'Not installed', 'cloudpickle': '2.2.1', 'deprecation': '2.1.0', 'xxhash': '3.3.0', 'wurlitzer': '3.0.3'}, 'python': {'version': '3.10.12', 'machine': 'x86_64'}}
  warnings.warn(

2023-09-10 16:26:23,688:WARNING:
'cuml' is a soft dependency and not included in the pycaret installation. Please run: `pip install cuml` to install.
2023-09-10 16:26:23,688:WARNING:
'cuml' is a soft dependency and not included in the pycaret installation. Please run: `pip install cuml` to install.
2023-09-10 16:26:23,688:WARNING:
'cuml' is a soft dependency and not included in the pycaret installation. Please run: `pip install cuml` to install.
2023-09-10 16:26:23,688:WARNING:
'cuml' is a soft dependency and not included in the pycaret installation. Please run: `pip install cuml` to install.
2023-09-10 16:26:36,438:INFO:Initializing load_model()
2023-09-10 16:26:36,438:INFO:load_model(model_name=Modelo, platform=None, authentication=None, verbose=True)
2023-09-10 16:26:36,455:WARNING:/home/manu/.local/lib/python3.10/site-packages/pycaret/internal/pipeline.py:135: UserWarning: Version mismatch:
current: {'deps_info': {'pip': '22.0.2', 'setuptools': '59.6.0', 'pycaret': '3.0.4', 'IPython': '8.15.0', 'ipywidgets': '8.1.0', 'tqdm': '4.65.0', 'numpy': '1.21.5', 'pandas': '1.5.3', 'jinja2': '3.0.3', 'scipy': '1.8.0', 'joblib': '1.3.2', 'sklearn': '1.2.2', 'pyod': '1.1.0', 'imblearn': '0.11.0', 'category_encoders': '2.6.2', 'lightgbm': '4.0.0', 'numba': '0.57.1', 'requests': '2.25.1', 'matplotlib': '3.5.1', 'scikitplot': '0.3.7', 'yellowbrick': '1.5', 'plotly': '5.16.1', 'plotly-resampler': 'Not installed', 'kaleido': '0.2.1', 'schemdraw': '0.15', 'statsmodels': '0.14.0', 'sktime': '0.22.0', 'tbats': '1.1.3', 'pmdarima': '2.0.3', 'psutil': '5.9.0', 'markupsafe': '2.0.1', 'pickle5': 'Not installed', 'cloudpickle': '2.2.1', 'deprecation': '2.1.0', 'xxhash': '3.3.0', 'wurlitzer': '3.0.3'}, 'python': {'version': '3.10.12', 'machine': 'x86_64'}}
pickle: {'deps_info': {'pip': '23.1.2', 'setuptools': '67.7.2', 'pycaret': '3.0.4', 'IPython': '7.34.0', 'ipywidgets': '7.7.1', 'tqdm': '4.66.1', 'numpy': '1.23.5', 'pandas': '1.5.3', 'jinja2': '3.1.2', 'scipy': '1.10.1', 'joblib': '1.3.2', 'sklearn': '1.2.2', 'pyod': '1.1.0', 'imblearn': '0.10.1', 'category_encoders': '2.6.2', 'lightgbm': '4.0.0', 'numba': '0.56.4', 'requests': '2.31.0', 'matplotlib': '3.7.1', 'scikitplot': '0.3.7', 'yellowbrick': '1.5', 'plotly': '5.15.0', 'plotly-resampler': 'Not installed', 'kaleido': '0.2.1', 'schemdraw': '0.15', 'statsmodels': '0.14.0', 'sktime': '0.22.0', 'tbats': '1.1.3', 'pmdarima': '2.0.3', 'psutil': '5.9.5', 'markupsafe': '2.1.3', 'pickle5': 'Not installed', 'cloudpickle': '2.2.1', 'deprecation': '2.1.0', 'xxhash': '3.3.0', 'wurlitzer': '3.0.3'}, 'python': {'version': '3.10.12', 'machine': 'x86_64'}}
  warnings.warn(

2023-09-10 16:27:09,988:WARNING:
'cuml' is a soft dependency and not included in the pycaret installation. Please run: `pip install cuml` to install.
2023-09-10 16:27:09,988:WARNING:
'cuml' is a soft dependency and not included in the pycaret installation. Please run: `pip install cuml` to install.
2023-09-10 16:27:09,988:WARNING:
'cuml' is a soft dependency and not included in the pycaret installation. Please run: `pip install cuml` to install.
2023-09-10 16:27:09,988:WARNING:
'cuml' is a soft dependency and not included in the pycaret installation. Please run: `pip install cuml` to install.
2023-09-10 16:27:24,243:INFO:Initializing load_model()
2023-09-10 16:27:24,243:INFO:load_model(model_name=Modelo, platform=None, authentication=None, verbose=True)
2023-09-10 16:27:24,259:WARNING:/home/manu/.local/lib/python3.10/site-packages/pycaret/internal/pipeline.py:135: UserWarning: Version mismatch:
current: {'deps_info': {'pip': '22.0.2', 'setuptools': '59.6.0', 'pycaret': '3.0.4', 'IPython': '8.15.0', 'ipywidgets': '8.1.0', 'tqdm': '4.65.0', 'numpy': '1.21.5', 'pandas': '1.5.3', 'jinja2': '3.0.3', 'scipy': '1.8.0', 'joblib': '1.3.2', 'sklearn': '1.2.2', 'pyod': '1.1.0', 'imblearn': '0.11.0', 'category_encoders': '2.6.2', 'lightgbm': '4.0.0', 'numba': '0.57.1', 'requests': '2.25.1', 'matplotlib': '3.5.1', 'scikitplot': '0.3.7', 'yellowbrick': '1.5', 'plotly': '5.16.1', 'plotly-resampler': 'Not installed', 'kaleido': '0.2.1', 'schemdraw': '0.15', 'statsmodels': '0.14.0', 'sktime': '0.22.0', 'tbats': '1.1.3', 'pmdarima': '2.0.3', 'psutil': '5.9.0', 'markupsafe': '2.0.1', 'pickle5': 'Not installed', 'cloudpickle': '2.2.1', 'deprecation': '2.1.0', 'xxhash': '3.3.0', 'wurlitzer': '3.0.3'}, 'python': {'version': '3.10.12', 'machine': 'x86_64'}}
pickle: {'deps_info': {'pip': '23.1.2', 'setuptools': '67.7.2', 'pycaret': '3.0.4', 'IPython': '7.34.0', 'ipywidgets': '7.7.1', 'tqdm': '4.66.1', 'numpy': '1.23.5', 'pandas': '1.5.3', 'jinja2': '3.1.2', 'scipy': '1.10.1', 'joblib': '1.3.2', 'sklearn': '1.2.2', 'pyod': '1.1.0', 'imblearn': '0.10.1', 'category_encoders': '2.6.2', 'lightgbm': '4.0.0', 'numba': '0.56.4', 'requests': '2.31.0', 'matplotlib': '3.7.1', 'scikitplot': '0.3.7', 'yellowbrick': '1.5', 'plotly': '5.15.0', 'plotly-resampler': 'Not installed', 'kaleido': '0.2.1', 'schemdraw': '0.15', 'statsmodels': '0.14.0', 'sktime': '0.22.0', 'tbats': '1.1.3', 'pmdarima': '2.0.3', 'psutil': '5.9.5', 'markupsafe': '2.1.3', 'pickle5': 'Not installed', 'cloudpickle': '2.2.1', 'deprecation': '2.1.0', 'xxhash': '3.3.0', 'wurlitzer': '3.0.3'}, 'python': {'version': '3.10.12', 'machine': 'x86_64'}}
  warnings.warn(

